106
143.6599993 -132.297967865 -142.157296322
149.320970552 -36.0601899601 149.339451767
34.1944748489 142.398699139 -149.52040623
100.684378957 149.28606026 107.946678416
-136.161810388 147.119468298 -148.446656755
-83.4745747578 -123.412740638 -148.115340742
-149.955118185 -6.30813244979 110.730081379
135.909000101 149.381386036 -99.6065125219
-11.5046677404 -149.925206156 35.1416307853
142.321821339 -149.441898494 -73.9707897943
148.831462866 80.4139915486 133.514977361
-70.4182820066 -149.75251061 83.9536128577
-134.53352536 -79.3432358841 -147.742246272
147.512367045 -147.111201409 25.1581228446
141.869356963 96.9188715079 -148.053974915
-149.085758259 118.903802906 149.269181587
-14.0226764531 149.903310621 61.6645209035
123.678425566 -142.127834666 148.756245464
131.644615662 8.88270668894 -149.335656605
-4.04814845874 -140.294760987 -145.812698649
-95.7982937503 -135.54953427 147.331568939
149.843882233 -76.6534959162 130.310590853
145.556417104 -47.7590338581 -141.366500474
148.360833937 137.432804429 -131.355699867
-142.695300257 -64.1813038872 148.93836648
144.111041075 -148.213657091 147.513201017
-148.426389532 -121.50848595 26.277470448
-145.941253457 -139.610128112 60.2926654637
-70.2594594869 -148.220741464 -113.202674633
122.226310317 121.871552764 149.009785438
-148.503501909 -119.206333368 86.3125558532
65.4082366618 -149.784315618 -31.1149491229
-117.648443852 6.56658897101 -149.387830742
-144.960315743 -115.28496227 -136.287397207
52.2813856829 -148.607650378 139.392260657
-110.851534989 -149.510637217 -36.8030551563
36.5338299995 -149.2573527 -127.591507511
-149.255751264 149.962953523 116.085299541
149.933261667 -98.8521892838 88.8679285599
120.253222102 143.687462734 143.04036666
142.392254015 25.8488646985 149.001585873
3.4167533361 -149.974893099 -33.8484767454
-143.503013464 149.74708637 -53.8473074186
-149.481016082 -105.30322308 -12.1813277731
-45.2202037527 -145.519821043 147.025800503
-149.494005409 -96.1760691175 141.686142917
146.330683723 -148.4216553 0.884240689382
-149.957618663 -17.1410648281 68.268177042
61.1334703717 -131.772918279 149.727280795
-149.816029833 141.538714553 -88.8875437652
149.909040615 15.0551921344 -93.1876684085
136.839559638 -145.229784521 -105.684928999
149.952201035 -132.772051054 -83.2424019251
-61.5566523975 32.2791062394 149.469408091
28.6830343654 109.193958154 -149.606318304
-132.932625345 -142.927072974 132.082227627
131.819269858 149.458559102 -3.08547489618
95.9889481293 149.959498864 -146.440596813
149.605195385 149.261952033 -7.82360872716
-119.162401785 -148.085126182 -74.9222928579
-144.033717765 -142.341320167 63.6524516007
125.505162301 144.277098849 140.923861614
-145.200750573 -149.334618899 4.92546529634
137.673358071 65.4846168623 148.639995737
-141.722265281 -101.57203368 147.763591667
-52.8265693112 30.5335177734 -149.809100825
-149.92494922 -95.804888521 -104.820264751
85.6407484801 -149.52123519 -83.5132624409
149.882009809 48.1749959989 81.2051341687
-125.553727141 -148.900863699 130.931036948
-108.14670674 -149.39151386 112.623463494
-147.817858189 147.878676645 -143.473116431
53.0950465378 -149.806485623 -47.6499689315
145.693751821 -137.187012485 -125.826504585
-146.911081228 -86.8282630778 145.644452342
149.054734 126.362286385 117.223355185
-141.760977357 -144.532524573 -135.709189788
-56.9351603347 149.557385923 147.088829587
-146.274066412 -133.160415164 89.9698468618
-14.1167124835 -147.860824972 143.076473991
-116.908221739 134.430470084 146.288860136
120.147623343 129.771581456 -149.438974138
56.4596743632 149.76922167 83.687986322
81.5099287824 -115.365579295 -149.574850656
-96.2780731536 -132.431831117 -147.241231353
146.225981016 -121.590586585 148.402968364
149.565834894 147.02697773 -97.4826860564
-83.86299954 -125.185010594 -147.964765907
148.430590716 -63.6433623705 -115.462390414
-82.5247036905 -149.701746185 70.8448013568
143.881631412 42.27719515 -149.365462223
121.369756269 146.000889677 131.695093991
101.311140002 148.780572871 145.548190257
56.4657971353 -133.541471256 -146.550445641
-53.6523759069 -146.913760642 -140.696821968
149.841597988 50.6449655419 -124.635142672
-104.194125527 19.8764421141 149.445116366
94.5494682358 30.5222527609 149.577578159
-127.325329456 -146.660567052 145.376596482
22.6686511816 121.296285532 149.172499507
137.433241577 143.206072636 119.030656714
-100.169391739 -6.70724062347 -149.778954752
146.916152287 -143.800128352 126.048338106
-51.5761703731 -5.20107808049 -149.89438556
148.95938624 -126.107749709 122.635451997
-149.347639929 -101.554836905 -105.356724774